c:\users\84903\onedrive\desktop\hoc lap trinh\sfml\dictionary\project1\x64\debug\vc143.pdb
c:\users\84903\onedrive\desktop\hoc lap trinh\sfml\dictionary\project1\x64\debug\vc143.idb
c:\users\84903\onedrive\desktop\hoc lap trinh\sfml\dictionary\project1\x64\debug\trienode.obj
c:\users\84903\onedrive\desktop\hoc lap trinh\sfml\dictionary\project1\x64\debug\searchbox.obj
c:\users\84903\onedrive\desktop\hoc lap trinh\sfml\dictionary\project1\x64\debug\button.obj
c:\users\84903\onedrive\desktop\hoc lap trinh\sfml\dictionary\project1\x64\debug\source.obj
c:\users\84903\onedrive\desktop\hoc lap trinh\sfml\dictionary\project1\x64\debug\search.obj
c:\users\84903\onedrive\desktop\hoc lap trinh\sfml\dictionary\project1\x64\debug\program.obj
c:\users\84903\onedrive\desktop\hoc lap trinh\sfml\dictionary\project1\x64\debug\dictionary.obj
c:\users\84903\onedrive\desktop\hoc lap trinh\sfml\dictionary\project1\x64\debug\mainmenuconstants.obj
c:\users\84903\onedrive\desktop\hoc lap trinh\sfml\dictionary\project1\x64\debug\mainmenu.obj
c:\users\84903\onedrive\desktop\hoc lap trinh\sfml\dictionary\project1\x64\debug\login.obj
c:\users\84903\onedrive\desktop\hoc lap trinh\sfml\dictionary\project1\x64\debug\favorite.obj
c:\users\84903\onedrive\desktop\hoc lap trinh\sfml\dictionary\project1\x64\debug\project1.ilk
c:\users\84903\onedrive\desktop\hoc lap trinh\sfml\dictionary\x64\debug\project1.pdb
c:\users\84903\onedrive\desktop\hoc lap trinh\sfml\dictionary\x64\debug\project1.exe
c:\users\84903\onedrive\desktop\hoc lap trinh\sfml\dictionary\project1\x64\debug\project1.tlog\cl.command.1.tlog
c:\users\84903\onedrive\desktop\hoc lap trinh\sfml\dictionary\project1\x64\debug\project1.tlog\cl.read.1.tlog
c:\users\84903\onedrive\desktop\hoc lap trinh\sfml\dictionary\project1\x64\debug\project1.tlog\cl.write.1.tlog
c:\users\84903\onedrive\desktop\hoc lap trinh\sfml\dictionary\project1\x64\debug\project1.tlog\link.command.1.tlog
c:\users\84903\onedrive\desktop\hoc lap trinh\sfml\dictionary\project1\x64\debug\project1.tlog\link.read.1.tlog
c:\users\84903\onedrive\desktop\hoc lap trinh\sfml\dictionary\project1\x64\debug\project1.tlog\link.write.1.tlog
